19.09.2018 1:26:15	This log contains information about the import schema operation into project 'DB' on computer 'DESKTOP-1R4Q7TE' by user 'Mishk'.
19.09.2018 1:26:15	Import of database schema has started.
19.09.2018 1:26:22	Gathering database options
19.09.2018 1:26:22	Gathering users
19.09.2018 1:26:22	Gathering roles
19.09.2018 1:26:22	Gathering application roles
19.09.2018 1:26:22	Gathering role memberships
19.09.2018 1:26:22	Gathering filegroups
19.09.2018 1:26:22	Gathering full-text catalogs
19.09.2018 1:26:22	Gathering assemblies
19.09.2018 1:26:22	Gathering certificates
19.09.2018 1:26:22	Gathering asymmetric keys
19.09.2018 1:26:22	Gathering symmetric keys
19.09.2018 1:26:22	Gathering encrypted symmetric keys
19.09.2018 1:26:22	Gathering schemas
19.09.2018 1:26:22	Gathering XML schema collections
19.09.2018 1:26:22	Gathering user-defined data types
19.09.2018 1:26:22	Gathering user-defined types
19.09.2018 1:26:22	Gathering table types
19.09.2018 1:26:22	Gathering unique keys for table types
19.09.2018 1:26:22	Gathering primary keys for table types
19.09.2018 1:26:22	Gathering indexes for table types
19.09.2018 1:26:22	Gathering check constraints for table types
19.09.2018 1:26:22	Gathering default constraints for table types
19.09.2018 1:26:22	Gathering partition functions
19.09.2018 1:26:22	Gathering partition schemes
19.09.2018 1:26:22	Gathering functions
19.09.2018 1:26:22	Gathering encrypted functions
19.09.2018 1:26:22	Gathering aggregates
19.09.2018 1:26:22	Gathering procedures
19.09.2018 1:26:23	Gathering encrypted procedures
19.09.2018 1:26:23	Gathering tables
19.09.2018 1:26:23	Gathering primary keys
19.09.2018 1:26:23	Gathering unique constraints
19.09.2018 1:26:23	Gathering foreign keys
19.09.2018 1:26:23	Gathering default constraints
19.09.2018 1:26:23	Gathering check constraints
19.09.2018 1:26:23	Gathering views
19.09.2018 1:26:23	Gathering encrypted views
19.09.2018 1:26:23	Gathering indexes
19.09.2018 1:26:23	Gathering statistics
19.09.2018 1:26:23	Gathering full-text index stoplists
19.09.2018 1:26:23	Gathering search property lists
19.09.2018 1:26:23	Gathering search properties
19.09.2018 1:26:23	Gathering full-text indexes
19.09.2018 1:26:23	Gathering column store indexes
19.09.2018 1:26:23	Gathering spatial indexes
19.09.2018 1:26:23	Gathering XML indexes
19.09.2018 1:26:23	Gathering Selective XML indexes
19.09.2018 1:26:23	Gathering encrypted triggers
19.09.2018 1:26:23	Gathering triggers
19.09.2018 1:26:23	Gathering encrypted and clr ddl triggers
19.09.2018 1:26:23	Gathering ddl triggers
19.09.2018 1:26:23	Gathering synonyms
19.09.2018 1:26:23	Gathering defaults
19.09.2018 1:26:23	Gathering data constraint uddt bindings
19.09.2018 1:26:23	Gathering rules
19.09.2018 1:26:23	Gathering data constraint uddt bindings
19.09.2018 1:26:23	Gathering message types
19.09.2018 1:26:23	Gathering queues
19.09.2018 1:26:23	Gathering contracts
19.09.2018 1:26:23	Gathering services
19.09.2018 1:26:23	Gathering event notifications
19.09.2018 1:26:23	Gathering remote service bindings
19.09.2018 1:26:23	Gathering broker priorities
19.09.2018 1:26:23	Gathering signatures
19.09.2018 1:26:23	Gathering data compression options
19.09.2018 1:26:23	Gathering sequence types
19.09.2018 1:26:23	Gathering security policies
19.09.2018 1:26:23	Gather column encryption keys
19.09.2018 1:26:23	Gathering column master keys
19.09.2018 1:26:23	Gathering external data sources
19.09.2018 1:26:23	Gathering external file formats
19.09.2018 1:26:23	Gathering external tables
19.09.2018 1:26:23	Gathering extended properties
19.09.2018 1:26:23	Gathering credentials
19.09.2018 1:26:23	Gathering logins
19.09.2018 1:26:23	Gathering server audits
19.09.2018 1:26:24	Scanning project for duplicate elements
19.09.2018 1:26:24	Finished duplicate element processing
19.09.2018 1:26:24	Finished importing database.
19.09.2018 1:26:24	A summary of the import was saved to the following location: C:\Users\Mishk\documents\visual studio 2015\Projects\DB\DB\Import Schema Logs\DB_20180918092615.log
19.09.2018 1:26:24	Click Finish to continue...
